<?xml version="1.0" encoding="UTF-8"?>
<testng-results ignored="0" total="1" passed="1" failed="0" skipped="0">
  <reporter-output>
  </reporter-output>
  <suite started-at="2022-06-02T17:00:42 IST" name="Suite" finished-at="2022-06-02T17:00:55 IST" duration-ms="13505">
    <groups>
    </groups>
    <test started-at="2022-06-02T17:00:42 IST" name="Test" finished-at="2022-06-02T17:00:55 IST" duration-ms="13505">
      <class name="testCases.MobileSection">
        <test-method is-config="true" signature="setupTest()[pri:0, instance:testCases.MobileSection@6fdbe764]" started-at="2022-06-02T17:00:42 IST" name="setupTest" finished-at="2022-06-02T17:00:51 IST" duration-ms="8768" status="PASS">
          <reporter-output>
          </reporter-output>
        </test-method> <!-- setupTest -->
        <test-method signature="searchRealmeBrand()[pri:1, instance:testCases.MobileSection@6fdbe764]" started-at="2022-06-02T17:00:51 IST" name="searchRealmeBrand" finished-at="2022-06-02T17:00:55 IST" duration-ms="3951" status="PASS">
          <reporter-output>
          </reporter-output>
        </test-method> <!-- searchRealmeBrand -->
        <test-method is-config="true" signature="tearDown()[pri:0, instance:testCases.MobileSection@6fdbe764]" started-at="2022-06-02T17:00:55 IST" name="tearDown" finished-at="2022-06-02T17:00:55 IST" duration-ms="736" status="PASS">
          <reporter-output>
          </reporter-output>
        </test-method> <!-- tearDown -->
      </class> <!-- testCases.MobileSection -->
    </test> <!-- Test -->
  </suite> <!-- Suite -->
</testng-results>
