<?xml version="1.0" encoding="UTF-8"?>
<testng-results ignored="0" total="1" passed="1" failed="0" skipped="0">
  <reporter-output>
  </reporter-output>
  <suite started-at="2022-06-02T15:47:30 IST" name="Default suite" finished-at="2022-06-02T15:47:40 IST" duration-ms="10849">
    <groups>
    </groups>
    <test started-at="2022-06-02T15:47:30 IST" name="Default test" finished-at="2022-06-02T15:47:40 IST" duration-ms="10849">
      <class name="testCases.MobileSection">
        <test-method is-config="true" signature="setupTest()[pri:0, instance:testCases.MobileSection@2d52216b]" started-at="2022-06-02T15:47:30 IST" name="setupTest" finished-at="2022-06-02T15:47:36 IST" duration-ms="6474" status="PASS">
          <reporter-output>
          </reporter-output>
        </test-method> <!-- setupTest -->
        <test-method signature="searchRealmeBrand()[pri:1, instance:testCases.MobileSection@2d52216b]" started-at="2022-06-02T15:47:36 IST" name="searchRealmeBrand" finished-at="2022-06-02T15:47:40 IST" duration-ms="4325" status="PASS">
          <reporter-output>
          </reporter-output>
        </test-method> <!-- searchRealmeBrand -->
        <test-method is-config="true" signature="tearDown()[pri:0, instance:testCases.MobileSection@2d52216b]" started-at="2022-06-02T15:47:40 IST" name="tearDown" finished-at="2022-06-02T15:47:40 IST" duration-ms="1" status="PASS">
          <reporter-output>
          </reporter-output>
        </test-method> <!-- tearDown -->
      </class> <!-- testCases.MobileSection -->
    </test> <!-- Default test -->
  </suite> <!-- Default suite -->
</testng-results>
