<?xml version="1.0" encoding="UTF-8"?>
<testng-results ignored="0" total="1" passed="1" failed="0" skipped="0">
  <reporter-output>
  </reporter-output>
  <suite started-at="2022-06-02T16:49:41 IST" name="Default suite" finished-at="2022-06-02T16:49:54 IST" duration-ms="12648">
    <groups>
    </groups>
    <test started-at="2022-06-02T16:49:41 IST" name="Default test" finished-at="2022-06-02T16:49:54 IST" duration-ms="12648">
      <class name="testCases.MobileSection">
        <test-method is-config="true" signature="setupTest()[pri:0, instance:testCases.MobileSection@3f6f6701]" started-at="2022-06-02T16:49:41 IST" name="setupTest" finished-at="2022-06-02T16:49:49 IST" duration-ms="7647" status="PASS">
          <reporter-output>
          </reporter-output>
        </test-method> <!-- setupTest -->
        <test-method signature="searchRealmeBrand()[pri:1, instance:testCases.MobileSection@3f6f6701]" started-at="2022-06-02T16:49:49 IST" name="searchRealmeBrand" finished-at="2022-06-02T16:49:53 IST" duration-ms="4668" status="PASS">
          <reporter-output>
          </reporter-output>
        </test-method> <!-- searchRealmeBrand -->
        <test-method is-config="true" signature="tearDown()[pri:0, instance:testCases.MobileSection@3f6f6701]" started-at="2022-06-02T16:49:53 IST" name="tearDown" finished-at="2022-06-02T16:49:54 IST" duration-ms="283" status="PASS">
          <reporter-output>
          </reporter-output>
        </test-method> <!-- tearDown -->
      </class> <!-- testCases.MobileSection -->
    </test> <!-- Default test -->
  </suite> <!-- Default suite -->
</testng-results>
